<?xml version="1.0" encoding="UTF-8"?>
<testsuite xmlns:xsi="http://www.w3.org/2001/XMLSchema-instance" xsi:noNamespaceSchemaLocation="https://maven.apache.org/surefire/maven-surefire-plugin/xsd/surefire-test-report-3.0.xsd" version="3.0" name="ru.codecrafters.AuthenticationService.AuthenticationServiceApplicationTests" time="5.107" tests="1" errors="0" skipped="0" failures="0">
  <properties>
[...]
</properties>
  <testcase name="contextLoads" classname="ru.codecrafters.AuthenticationService.AuthenticationServiceApplicationTests" time="0.368">
    <system-out><![CDATA[15:11:28.634 [main] INFO org.springframework.test.context.support.AnnotationConfigContextLoaderUtils -- Could not detect default configuration classes for test class [ru.codecrafters.AuthenticationService.AuthenticationServiceApplicationTests]: AuthenticationServiceApplicationTests does not declare any static, non-private, non-final, nested classes annotated with @Configuration.
15:11:28.726 [main] INFO org.springframework.boot.test.context.SpringBootTestContextBootstrapper -- Found @SpringBootConfiguration ru.codecrafters.AuthenticationService.AuthenticationServiceApplication for test class ru.codecrafters.AuthenticationService.AuthenticationServiceApplicationTests

  .   ____          _            __ _ _
 /\\ / ___'_ __ _ _(_)_ __  __ _ \ \ \ \
( ( )\___ | '_ | '_| | '_ \/ _` | \ \ \ \
 \\/  ___)| |_)| | | | | || (_| |  ) ) ) )
  '  |____| .__|_| |_|_| |_\__, | / / / /
 =========|_|==============|___/=/_/_/_/
 :: Spring Boot ::                (v3.2.4)

2024-04-01T15:11:29.152+03:00  INFO 20220 --- [AuthenticationService] [           main] .A.AuthenticationServiceApplicationTests : Starting AuthenticationServiceApplicationTests using Java 22 with PID 20220 (started by genius in D:\Work\проекты на Java\AuthenticationService)
2024-04-01T15:11:29.154+03:00  INFO 20220 --- [AuthenticationService] [           main] .A.AuthenticationServiceApplicationTests : No active profile set, falling back to 1 default profile: "default"
2024-04-01T15:11:29.924+03:00  INFO 20220 --- [AuthenticationService] [           main] .s.d.r.c.RepositoryConfigurationDelegate : Bootstrapping Spring Data JPA repositories in DEFAULT mode.
2024-04-01T15:11:29.986+03:00  INFO 20220 --- [AuthenticationService] [           main] .s.d.r.c.RepositoryConfigurationDelegate : Finished Spring Data repository scanning in 54 ms. Found 4 JPA repository interfaces.
2024-04-01T15:11:30.465+03:00  INFO 20220 --- [AuthenticationService] [           main] com.zaxxer.hikari.HikariDataSource       : HikariPool-1 - Starting...
2024-04-01T15:11:30.682+03:00  INFO 20220 --- [AuthenticationService] [           main] com.zaxxer.hikari.pool.HikariPool        : HikariPool-1 - Added connection org.postgresql.jdbc.PgConnection@37606fee
2024-04-01T15:11:30.685+03:00  INFO 20220 --- [AuthenticationService] [           main] com.zaxxer.hikari.HikariDataSource       : HikariPool-1 - Start completed.
2024-04-01T15:11:30.728+03:00  INFO 20220 --- [AuthenticationService] [           main] o.hibernate.jpa.internal.util.LogHelper  : HHH000204: Processing PersistenceUnitInfo [name: default]
2024-04-01T15:11:30.774+03:00  INFO 20220 --- [AuthenticationService] [           main] org.hibernate.Version                    : HHH000412: Hibernate ORM core version 6.4.4.Final
2024-04-01T15:11:30.803+03:00  INFO 20220 --- [AuthenticationService] [           main] o.h.c.internal.RegionFactoryInitiator    : HHH000026: Second-level cache disabled
2024-04-01T15:11:31.032+03:00  INFO 20220 --- [AuthenticationService] [           main] o.s.o.j.p.SpringPersistenceUnitInfo      : No LoadTimeWeaver setup: ignoring JPA class transformer
2024-04-01T15:11:31.089+03:00  WARN 20220 --- [AuthenticationService] [           main] org.hibernate.orm.deprecation            : HHH90000025: PostgreSQLDialect does not need to be specified explicitly using 'hibernate.dialect' (remove the property setting and it will be selected by default)
2024-04-01T15:11:31.927+03:00  INFO 20220 --- [AuthenticationService] [           main] o.h.e.t.j.p.i.JtaPlatformInitiator       : HHH000489: No JTA platform available (set 'hibernate.transaction.jta.platform' to enable JTA platform integration)
2024-04-01T15:11:31.930+03:00  INFO 20220 --- [AuthenticationService] [           main] j.LocalContainerEntityManagerFactoryBean : Initialized JPA EntityManagerFactory for persistence unit 'default'
2024-04-01T15:11:32.398+03:00  INFO 20220 --- [AuthenticationService] [           main] o.s.d.j.r.query.QueryEnhancerFactory     : Hibernate is in classpath; If applicable, HQL parser will be used.
2024-04-01T15:11:32.561+03:00  WARN 20220 --- [AuthenticationService] [           main] JpaBaseConfiguration$JpaWebConfiguration : spring.jpa.open-in-view is enabled by default. Therefore, database queries may be performed during view rendering. Explicitly configure spring.jpa.open-in-view to disable this warning
2024-04-01T15:11:32.854+03:00  INFO 20220 --- [AuthenticationService] [           main] o.s.s.web.DefaultSecurityFilterChain     : Will secure any request with [org.springframework.security.web.session.DisableEncodeUrlFilter@4b89515b, org.springframework.security.web.context.request.async.WebAsyncManagerIntegrationFilter@496e2bdd, org.springframework.security.web.context.SecurityContextHolderFilter@1e3689e7, org.springframework.security.web.header.HeaderWriterFilter@74eae1e0, org.springframework.web.filter.CorsFilter@17e725fb, org.springframework.security.web.authentication.logout.LogoutFilter@570089c4, ru.codecrafters.AuthenticationService.config.JWTFilter@574134ba, org.springframework.security.web.savedrequest.RequestCacheAwareFilter@655d5285, org.springframework.security.web.servletapi.SecurityContextHolderAwareRequestFilter@36f1bd7e, org.springframework.security.web.authentication.AnonymousAuthenticationFilter@76379796, org.springframework.security.web.session.SessionManagementFilter@506d7fed, org.springframework.security.web.access.ExceptionTranslationFilter@109f95b1, org.springframework.security.web.access.intercept.AuthorizationFilter@12921ee1]
2024-04-01T15:11:33.214+03:00  INFO 20220 --- [AuthenticationService] [           main] .A.AuthenticationServiceApplicationTests : Started AuthenticationServiceApplicationTests in 4.344 seconds (process running for 5.171)
]]></system-out>
    <system-err><![CDATA[WARNING: A Java agent has been loaded dynamically (C:\Users\genius\.m2\repository\net\bytebuddy\byte-buddy-agent\1.14.12\byte-buddy-agent-1.14.12.jar)
WARNING: If a serviceability tool is in use, please run with -XX:+EnableDynamicAgentLoading to hide this warning
WARNING: If a serviceability tool is not in use, please run with -Djdk.instrument.traceUsage for more information
WARNING: Dynamic loading of agents will be disallowed by default in a future release
]]></system-err>
  </testcase>
</testsuite>